#
# There is insufficient memory for the Java Runtime Environment to continue.
# Native memory allocation (malloc) failed to allocate 1048576 bytes. Error detail: AllocateHeap
# Possible reasons:
#   The system is out of physical RAM or swap space
#   This process is running with CompressedOops enabled, and the Java Heap may be blocking the growth of the native heap
# Possible solutions:
#   Reduce memory load on the system
#   Increase physical memory or swap space
#   Check if swap backing store is full
#   Decrease Java heap size (-Xmx/-Xms)
#   Decrease number of Java threads
#   Decrease Java thread stack sizes (-Xss)
#   Set larger code cache with -XX:ReservedCodeCacheSize=
#   JVM is running with Unscaled Compressed Oops mode in which the Java heap is
#     placed in the first 4GB address space. The Java Heap base address is the
#     maximum limit for the native heap growth. Please use -XX:HeapBaseMinAddress
#     to set the Java Heap base and to place the Java Heap above 4GB virtual address.
# This output file may be truncated or incomplete.
#
#  Out of Memory Error (allocation.cpp:44), pid=72660, tid=95444
#
# JRE version: OpenJDK Runtime Environment Temurin-21.0.8+9 (21.0.8+9) (build 21.0.8+9-LTS)
# Java VM: OpenJDK 64-Bit Server VM Temurin-21.0.8+9 (21.0.8+9-LTS, mixed mode, sharing, tiered, compressed oops, compressed class ptrs, parallel gc, windows-amd64)
# No core dump will be written. Minidumps are not enabled by default on client versions of Windows
#

---------------  S U M M A R Y ------------

Command Line: --add-modules=ALL-SYSTEM --add-opens=java.base/java.util=ALL-UNNAMED --add-opens=java.base/java.lang=ALL-UNNAMED --add-opens=java.base/sun.nio.fs=ALL-UNNAMED -Declipse.application=org.eclipse.jdt.ls.core.id1 -Dosgi.bundles.defaultStartLevel=4 -Declipse.product=org.eclipse.jdt.ls.core.product -Djava.import.generatesMetadataFilesAtProjectRoot=false -DDetectVMInstallationsJob.disabled=true -Dfile.encoding=utf8 -XX:+UseParallelGC -XX:GCTimeRatio=4 -XX:AdaptiveSizePolicyWeight=90 -Dsun.zip.disableMemoryMapping=true -Xmx2G -Xms100m -Xlog:disable -javaagent:c:\Users\skyhi\.vscode\extensions\redhat.java-1.46.0-win32-x64\lombok\lombok-1.18.39-4050.jar -XX:+HeapDumpOnOutOfMemoryError -XX:HeapDumpPath=c:\Users\skyhi\AppData\Roaming\Code\User\workspaceStorage\1e4f3eec4e38cd53eeb701cea1e67679\redhat.java -Daether.dependencyCollector.impl=bf c:\Users\skyhi\.vscode\extensions\redhat.java-1.46.0-win32-x64\server\plugins\org.eclipse.equinox.launcher_1.7.0.v20250519-0528.jar -configuration c:\Users\skyhi\AppData\Roaming\Code\User\globalStorage\redhat.java\1.46.0\config_win -data c:\Users\skyhi\AppData\Roaming\Code\User\workspaceStorage\1e4f3eec4e38cd53eeb701cea1e67679\redhat.java\jdt_ws --pipe=\\.\pipe\lsp-78f5771d4f2ba8403dccd9bc38d1770f-sock

Host: 12th Gen Intel(R) Core(TM) i3-1215U, 8 cores, 7G,  Windows 11 , 64 bit Build 26100 (10.0.26100.6725)
Time: Wed Nov  5 10:23:29 2025 Pacific Standard Time elapsed time: 2242.057116 seconds (0d 0h 37m 22s)

---------------  T H R E A D  ---------------

Current thread (0x000001fb8edb3430):  JavaThread "Attach Listener" daemon [_thread_in_vm, id=95444, stack(0x00000052a4f00000,0x00000052a5000000) (1024K)]

Stack: [0x00000052a4f00000,0x00000052a5000000]
Native frames: (J=compiled Java code, j=interpreted, Vv=VM code, C=native code)
V  [jvm.dll+0x6d2449]
V  [jvm.dll+0x8ae341]
V  [jvm.dll+0x8b08be]
V  [jvm.dll+0x8b0fa3]
V  [jvm.dll+0x280c96]
V  [jvm.dll+0xc0347]
V  [jvm.dll+0x6d2cf9]
V  [jvm.dll+0x131116]
V  [jvm.dll+0x3f2d16]
V  [jvm.dll+0x857e6b]
V  [jvm.dll+0x6d0b0d]
C  [ucrtbase.dll+0x37b0]
C  [KERNEL32.DLL+0x2e8d7]
C  [ntdll.dll+0x8c53c]


---------------  P R O C E S S  ---------------

Threads class SMR info:
_java_thread_list=0x000001fbe8214320, length=34, elements={
0x000001fb8ee40650, 0x000001fb8eda8400, 0x000001fb8eeee640, 0x000001fb8edb08d0,
0x000001fb8edb3430, 0x000001fb8edb3e80, 0x000001fb8edb94d0, 0x000001fb8edbb1f0,
0x000001fb8edd2830, 0x000001fbe81ca770, 0x000001fbe847fff0, 0x000001fbe8b9a2a0,
0x000001fbe8b9c370, 0x000001fbe8b9a930, 0x000001fbe8b9afc0, 0x000001fbe896f340,
0x000001fbe8972130, 0x000001fbe896ecb0, 0x000001fbe89727c0, 0x000001fbe89734e0,
0x000001fbe8973b70, 0x000001fbe8971410, 0x000001fbe8970d80, 0x000001fbe8974890,
0x000001fbe8974f20, 0x000001fbe89755b0, 0x000001fbe8975c40, 0x000001fbe89762d0,
0x000001fbe8b9b650, 0x000001fbe8b9d090, 0x000001fbe8b9bce0, 0x000001fbe8b9d720,
0x000001fbefdddf70, 0x000001fbefde0d60
}

Java Threads: ( => current thread )
  0x000001fb8ee40650 JavaThread "main"                              [_thread_blocked, id=70436, stack(0x00000052a4800000,0x00000052a4900000) (1024K)]
  0x000001fb8eda8400 JavaThread "Reference Handler"          daemon [_thread_blocked, id=92348, stack(0x00000052a4c00000,0x00000052a4d00000) (1024K)]
  0x000001fb8eeee640 JavaThread "Finalizer"                  daemon [_thread_blocked, id=79408, stack(0x00000052a4d00000,0x00000052a4e00000) (1024K)]
  0x000001fb8edb08d0 JavaThread "Signal Dispatcher"          daemon [_thread_blocked, id=75572, stack(0x00000052a4e00000,0x00000052a4f00000) (1024K)]
=>0x000001fb8edb3430 JavaThread "Attach Listener"            daemon [_thread_in_vm, id=95444, stack(0x00000052a4f00000,0x00000052a5000000) (1024K)]
  0x000001fb8edb3e80 JavaThread "Service Thread"             daemon [_thread_blocked, id=95956, stack(0x00000052a5000000,0x00000052a5100000) (1024K)]
  0x000001fb8edb94d0 JavaThread "Monitor Deflation Thread"   daemon [_thread_blocked, id=56996, stack(0x00000052a5100000,0x00000052a5200000) (1024K)]
  0x000001fb8edbb1f0 JavaThread "C2 CompilerThread0"         daemon [_thread_blocked, id=76132, stack(0x00000052a5200000,0x00000052a5300000) (1024K)]
  0x000001fb8edd2830 JavaThread "C1 CompilerThread0"         daemon [_thread_blocked, id=63544, stack(0x00000052a5300000,0x00000052a5400000) (1024K)]
  0x000001fbe81ca770 JavaThread "Common-Cleaner"             daemon [_thread_blocked, id=85856, stack(0x00000052a5400000,0x00000052a5500000) (1024K)]
  0x000001fbe847fff0 JavaThread "Notification Thread"        daemon [_thread_blocked, id=89588, stack(0x00000052a5500000,0x00000052a5600000) (1024K)]
  0x000001fbe8b9a2a0 JavaThread "Active Thread: Equinox Container: a74c0866-e9bb-462c-ab95-efb97597979f"        [_thread_blocked, id=63252, stack(0x00000052a6200000,0x00000052a6300000) (1024K)]
  0x000001fbe8b9c370 JavaThread "Framework Event Dispatcher: Equinox Container: a74c0866-e9bb-462c-ab95-efb97597979f" daemon [_thread_blocked, id=70588, stack(0x00000052a5c00000,0x00000052a5d00000) (1024K)]
  0x000001fbe8b9a930 JavaThread "Start Level: Equinox Container: a74c0866-e9bb-462c-ab95-efb97597979f" daemon [_thread_blocked, id=70684, stack(0x00000052a5d00000,0x00000052a5e00000) (1024K)]
  0x000001fbe8b9afc0 JavaThread "Refresh Thread: Equinox Container: a74c0866-e9bb-462c-ab95-efb97597979f" daemon [_thread_blocked, id=93572, stack(0x00000052a5f00000,0x00000052a6000000) (1024K)]
  0x000001fbe896f340 JavaThread "Bundle File Closer"         daemon [_thread_blocked, id=62532, stack(0x00000052a6a00000,0x00000052a6b00000) (1024K)]
  0x000001fbe8972130 JavaThread "SCR Component Actor"        daemon [_thread_blocked, id=70880, stack(0x00000052a6000000,0x00000052a6100000) (1024K)]
  0x000001fbe896ecb0 JavaThread "Worker-JM"                         [_thread_blocked, id=78756, stack(0x00000052a6100000,0x00000052a6200000) (1024K)]
  0x000001fbe89727c0 JavaThread "JNA Cleaner"                daemon [_thread_blocked, id=99268, stack(0x00000052a6500000,0x00000052a6600000) (1024K)]
  0x000001fbe89734e0 JavaThread "Java indexing"              daemon [_thread_blocked, id=79952, stack(0x00000052a6700000,0x00000052a6800000) (1024K)]
  0x000001fbe8973b70 JavaThread "Worker-2"                          [_thread_blocked, id=74360, stack(0x00000052a6800000,0x00000052a6900000) (1024K)]
  0x000001fbe8971410 JavaThread "Thread-1"                   daemon [_thread_in_native, id=47556, stack(0x00000052a6d00000,0x00000052a6e00000) (1024K)]
  0x000001fbe8970d80 JavaThread "Thread-2"                   daemon [_thread_in_native, id=91292, stack(0x00000052a6e00000,0x00000052a6f00000) (1024K)]
  0x000001fbe8974890 JavaThread "Thread-3"                   daemon [_thread_in_native, id=86224, stack(0x00000052a6f00000,0x00000052a7000000) (1024K)]
  0x000001fbe8974f20 JavaThread "Thread-4"                   daemon [_thread_in_native, id=61712, stack(0x00000052a7000000,0x00000052a7100000) (1024K)]
  0x000001fbe89755b0 JavaThread "Thread-5"                   daemon [_thread_in_native, id=54556, stack(0x00000052a7100000,0x00000052a7200000) (1024K)]
  0x000001fbe8975c40 JavaThread "Thread-6"                   daemon [_thread_in_native, id=68952, stack(0x00000052a7200000,0x00000052a7300000) (1024K)]
  0x000001fbe89762d0 JavaThread "Thread-7"                   daemon [_thread_in_native, id=27408, stack(0x00000052a7300000,0x00000052a7400000) (1024K)]
  0x000001fbe8b9b650 JavaThread "Thread-8"                   daemon [_thread_in_native, id=43816, stack(0x00000052a7400000,0x00000052a7500000) (1024K)]
  0x000001fbe8b9d090 JavaThread "Thread-9"                   daemon [_thread_in_native, id=8440, stack(0x00000052a7500000,0x00000052a7600000) (1024K)]
  0x000001fbe8b9bce0 JavaThread "pool-2-thread-1"                   [_thread_blocked, id=88460, stack(0x00000052a7600000,0x00000052a7700000) (1024K)]
  0x000001fbe8b9d720 JavaThread "Worker-5"                          [_thread_blocked, id=63272, stack(0x00000052a7700000,0x00000052a7800000) (1024K)]
  0x000001fbefdddf70 JavaThread "WorkspaceEventsHandler"            [_thread_blocked, id=72748, stack(0x00000052a7800000,0x00000052a7900000) (1024K)]
  0x000001fbefde0d60 JavaThread "pool-1-thread-1"                   [_thread_blocked, id=93552, stack(0x00000052a7900000,0x00000052a7a00000) (1024K)]
Total: 34

Other Threads:
  0x000001fb8eed63f0 VMThread "VM Thread"                           [id=63056, stack(0x00000052a4b00000,0x00000052a4c00000) (1024K)]
  0x000001fb8ecbca00 WatcherThread "VM Periodic Task Thread"        [id=53360, stack(0x00000052a4a00000,0x00000052a4b00000) (1024K)]
  0x000001fb8ee57730 WorkerThread "GC Thread#0"                     [id=94808, stack(0x00000052a4900000,0x00000052a4a00000) (1024K)]
  0x000001fbe8535610 WorkerThread "GC Thread#1"                     [id=95728, stack(0x00000052a5600000,0x00000052a5700000) (1024K)]
  0x000001fbe853ef60 WorkerThread "GC Thread#2"                     [id=88744, stack(0x00000052a5700000,0x00000052a5800000) (1024K)]
  0x000001fbe87ef040 WorkerThread "GC Thread#3"                     [id=96152, stack(0x00000052a5800000,0x00000052a5900000) (1024K)]
  0x000001fbe87ef3e0 WorkerThread "GC Thread#4"                     [id=84892, stack(0x00000052a5900000,0x00000052a5a00000) (1024K)]
  0x000001fbe87ef780 WorkerThread "GC Thread#5"                     [id=74784, stack(0x00000052a5a00000,0x00000052a5b00000) (1024K)]
  0x000001fbe87efb20 WorkerThread "GC Thread#6"                     [id=59700, stack(0x00000052a5b00000,0x00000052a5c00000) (1024K)]
  0x000001fbe8ad5e60 WorkerThread "GC Thread#7"                     [id=56644, stack(0x00000052a5e00000,0x00000052a5f00000) (1024K)]
Total: 10

Threads with active compile tasks:
Total: 0

VM state: not at safepoint (normal execution)

VM Mutex/Monitor currently owned by a thread: None

Heap address: 0x0000000080000000, size: 2048 MB, Compressed Oops mode: 32-bit

CDS archive(s) mapped at: [0x000001fba6000000-0x000001fba6ba0000-0x000001fba6ba0000), size 12189696, SharedBaseAddress: 0x000001fba6000000, ArchiveRelocationMode: 1.
Compressed class space mapped at: 0x000001fba7000000-0x000001fbe7000000, reserved size: 1073741824
Narrow klass base: 0x000001fba6000000, Narrow klass shift: 0, Narrow klass range: 0x100000000

GC Precious Log:
 CardTable entry size: 512
 CPUs: 8 total, 8 available
 Memory: 7876M
 Large Page Support: Disabled
 NUMA Support: Disabled
 Compressed Oops: Enabled (32-bit)
 Alignments: Space 512K, Generation 512K, Heap 2M
 Heap Min Capacity: 100M
 Heap Initial Capacity: 100M
 Heap Max Capacity: 2G
 Pre-touch: Disabled
 Parallel Workers: 8

Heap:
 PSYoungGen      total 7680K, used 4076K [0x00000000d5580000, 0x00000000d5e80000, 0x0000000100000000)
  eden space 5120K, 75% used [0x00000000d5580000,0x00000000d594b140,0x00000000d5a80000)
  from space 2560K, 7% used [0x00000000d5b00000,0x00000000d5b30000,0x00000000d5d80000)
  to   space 1024K, 0% used [0x00000000d5d80000,0x00000000d5d80000,0x00000000d5e80000)
 ParOldGen       total 915456K, used 915143K [0x0000000080000000, 0x00000000b7e00000, 0x00000000d5580000)
  object space 915456K, 99% used [0x0000000080000000,0x00000000b7db1ca0,0x00000000b7e00000)
 Metaspace       used 72507K, committed 74048K, reserved 1179648K
  class space    used 7587K, committed 8256K, reserved 1048576K

Card table byte_map: [0x000001fb8e7d0000,0x000001fb8ebe0000] _byte_map_base: 0x000001fb8e3d0000

Marking Bits: (ParMarkBitMap*) 0x00007ffc86c3a340
 Begin Bits: [0x000001fba12d0000, 0x000001fba32d0000)
 End Bits:   [0x000001fba32d0000, 0x000001fba52d0000)

Polling page: 0x000001fb8e550000

Metaspace:

Usage:
  Non-class:     63.40 MB used.
      Class:      7.41 MB used.
       Both:     70.81 MB used.

Virtual space:
  Non-class space:      128.00 MB reserved,      64.25 MB ( 50%) committed,  2 nodes.
      Class space:        1.00 GB reserved,       8.06 MB ( <1%) committed,  1 nodes.
             Both:        1.12 GB reserved,      72.31 MB (  6%) committed. 

Chunk freelists:
   Non-Class:  15.38 MB
       Class:  7.84 MB
        Both:  23.22 MB

MaxMetaspaceSize: unlimited
CompressedClassSpaceSize: 1.00 GB
Initial GC threshold: 21.00 MB
Current GC threshold: 97.31 MB
CDS: on
 - commit_granule_bytes: 65536.
 - commit_granule_words: 8192.
 - virtual_space_node_default_size: 8388608.
 - enlarge_chunks_in_place: 1.
 - use_allocation_guard: 0.


Internal statistics:

num_allocs_failed_limit: 9.
num_arena_births: 1340.
num_arena_deaths: 14.
num_vsnodes_births: 3.
num_vsnodes_deaths: 0.
num_space_committed: 1157.
num_space_uncommitted: 0.
num_chunks_returned_to_freelist: 23.
num_chunks_taken_from_freelist: 4702.
num_chunk_merges: 7.
num_chunk_splits: 2801.
num_chunks_enlarged: 1513.
num_inconsistent_stats: 0.

CodeHeap 'non-profiled nmethods': size=120000Kb used=11613Kb max_used=11613Kb free=108386Kb
 bounds [0x000001fb99af0000, 0x000001fb9a650000, 0x000001fba1020000]
CodeHeap 'profiled nmethods': size=120000Kb used=31905Kb max_used=31905Kb free=88094Kb
 bounds [0x000001fb92020000, 0x000001fb93f50000, 0x000001fb99550000]
CodeHeap 'non-nmethods': size=5760Kb used=1482Kb max_used=1548Kb free=4277Kb
 bounds [0x000001fb99550000, 0x000001fb997c0000, 0x000001fb99af0000]
CodeCache: size=245760Kb, used=45000Kb, max_used=45066Kb, free=200757Kb
 total_blobs=14303, nmethods=13500, adapters=707, full_count=0
Compilation: enabled, stopped_count=0, restarted_count=0

Compilation events (20 events):
Event: 1523.939 Thread 0x000001fb8edd2830 14406       3       java.lang.Module::getClassLoader (20 bytes)
Event: 1523.991 Thread 0x000001fb8edd2830 nmethod 14406 0x000001fb93f3ed10 code [0x000001fb93f3eec0, 0x000001fb93f3f0b8]
Event: 1734.239 Thread 0x000001fb8edd2830 14407       1       com.sun.jna.internal.Cleaner::access$100 (5 bytes)
Event: 1734.257 Thread 0x000001fb8edd2830 nmethod 14407 0x000001fb9a647190 code [0x000001fb9a647320, 0x000001fb9a6473d0]
Event: 1954.772 Thread 0x000001fb8edd2830 14408       3       java.util.concurrent.ScheduledThreadPoolExecutor$DelayedWorkQueue::finishPoll (43 bytes)
Event: 1954.795 Thread 0x000001fb8edd2830 nmethod 14408 0x000001fb93f3f190 code [0x000001fb93f3f360, 0x000001fb93f3f8e8]
Event: 1954.796 Thread 0x000001fb8edd2830 14409       3       java.util.concurrent.locks.AbstractQueuedSynchronizer$ConditionObject::awaitNanos (207 bytes)
Event: 1954.855 Thread 0x000001fb8edd2830 nmethod 14409 0x000001fb93f3fa90 code [0x000001fb93f3fd80, 0x000001fb93f40bf0]
Event: 1956.910 Thread 0x000001fb8edd2830 14410       3       java.util.concurrent.ThreadPoolExecutor::ensurePrestart (41 bytes)
Event: 1956.928 Thread 0x000001fb8edd2830 nmethod 14410 0x000001fb93f41190 code [0x000001fb93f41360, 0x000001fb93f41610]
Event: 1974.800 Thread 0x000001fb8edd2830 14411   !   3       java.util.concurrent.FutureTask::runAndReset (125 bytes)
Event: 1974.850 Thread 0x000001fb8edd2830 nmethod 14411 0x000001fb93f41710 code [0x000001fb93f41b80, 0x000001fb93f43fa0]
Event: 2149.100 Thread 0x000001fb8edd2830 14414       3       org.eclipse.core.runtime.ListenerList::<init> (43 bytes)
Event: 2149.119 Thread 0x000001fb8edd2830 nmethod 14414 0x000001fb93f44b10 code [0x000001fb93f44ce0, 0x000001fb93f44ff0]
Event: 2149.120 Thread 0x000001fb8edd2830 14416       3       org.eclipse.core.internal.resources.MarkerAttributeMap::shareStrings (92 bytes)
Event: 2149.146 Thread 0x000001fb8edd2830 nmethod 14416 0x000001fb93f45110 code [0x000001fb93f453a0, 0x000001fb93f46250]
Event: 2149.146 Thread 0x000001fb8edd2830 14415       3       org.eclipse.core.internal.resources.MarkerInfo::shareStrings (21 bytes)
Event: 2149.150 Thread 0x000001fb8edd2830 nmethod 14415 0x000001fb93f46590 code [0x000001fb93f46760, 0x000001fb93f46940]
Event: 2154.349 Thread 0x000001fb8edd2830 14417   !   3       java.util.logging.LogManager::ensureLogManagerInitialized (144 bytes)
Event: 2154.407 Thread 0x000001fb8edd2830 nmethod 14417 0x000001fb93f46a90 code [0x000001fb93f46da0, 0x000001fb93f47ec0]

GC Heap History (20 events):
Event: 167.777 GC heap before
{Heap before GC invocations=861 (full 3):
 PSYoungGen      total 9728K, used 9664K [0x00000000d5580000, 0x00000000d6400000, 0x0000000100000000)
  eden space 5632K, 100% used [0x00000000d5580000,0x00000000d5b00000,0x00000000d5b00000)
  from space 4096K, 98% used [0x00000000d5b00000,0x00000000d5ef0000,0x00000000d5f00000)
  to   space 4608K, 0% used [0x00000000d5f80000,0x00000000d5f80000,0x00000000d6400000)
 ParOldGen       total 881664K, used 881637K [0x0000000080000000, 0x00000000b5d00000, 0x00000000d5580000)
  object space 881664K, 99% used [0x0000000080000000,0x00000000b5cf9780,0x00000000b5d00000)
 Metaspace       used 71993K, committed 73536K, reserved 1179648K
  class space    used 7541K, committed 8192K, reserved 1048576K
}
Event: 167.802 GC heap after
{Heap after GC invocations=861 (full 3):
 PSYoungGen      total 9728K, used 4512K [0x00000000d5580000, 0x00000000d6500000, 0x0000000100000000)
  eden space 5120K, 0% used [0x00000000d5580000,0x00000000d5580000,0x00000000d5a80000)
  from space 4608K, 97% used [0x00000000d5f80000,0x00000000d63e8000,0x00000000d6400000)
  to   space 5120K, 0% used [0x00000000d5a80000,0x00000000d5a80000,0x00000000d5f80000)
 ParOldGen       total 885760K, used 885597K [0x0000000080000000, 0x00000000b6100000, 0x00000000d5580000)
  object space 885760K, 99% used [0x0000000080000000,0x00000000b60d7780,0x00000000b6100000)
 Metaspace       used 71993K, committed 73536K, reserved 1179648K
  class space    used 7541K, committed 8192K, reserved 1048576K
}
Event: 167.953 GC heap before
{Heap before GC invocations=862 (full 3):
 PSYoungGen      total 9728K, used 9632K [0x00000000d5580000, 0x00000000d6500000, 0x0000000100000000)
  eden space 5120K, 100% used [0x00000000d5580000,0x00000000d5a80000,0x00000000d5a80000)
  from space 4608K, 97% used [0x00000000d5f80000,0x00000000d63e8000,0x00000000d6400000)
  to   space 5120K, 0% used [0x00000000d5a80000,0x00000000d5a80000,0x00000000d5f80000)
 ParOldGen       total 885760K, used 885600K [0x0000000080000000, 0x00000000b6100000, 0x00000000d5580000)
  object space 885760K, 99% used [0x0000000080000000,0x00000000b60d8108,0x00000000b6100000)
 Metaspace       used 71994K, committed 73536K, reserved 1179648K
  class space    used 7541K, committed 8192K, reserved 1048576K
}
Event: 167.977 GC heap after
{Heap after GC invocations=862 (full 3):
 PSYoungGen      total 9216K, used 3904K [0x00000000d5580000, 0x00000000d6380000, 0x0000000100000000)
  eden space 5120K, 0% used [0x00000000d5580000,0x00000000d5580000,0x00000000d5a80000)
  from space 4096K, 95% used [0x00000000d5a80000,0x00000000d5e50000,0x00000000d5e80000)
  to   space 4608K, 0% used [0x00000000d5f00000,0x00000000d5f00000,0x00000000d6380000)
 ParOldGen       total 890368K, used 889992K [0x0000000080000000, 0x00000000b6580000, 0x00000000d5580000)
  object space 890368K, 99% used [0x0000000080000000,0x00000000b6522108,0x00000000b6580000)
 Metaspace       used 71994K, committed 73536K, reserved 1179648K
  class space    used 7541K, committed 8192K, reserved 1048576K
}
Event: 168.109 GC heap before
{Heap before GC invocations=863 (full 3):
 PSYoungGen      total 9216K, used 9024K [0x00000000d5580000, 0x00000000d6380000, 0x0000000100000000)
  eden space 5120K, 100% used [0x00000000d5580000,0x00000000d5a80000,0x00000000d5a80000)
  from space 4096K, 95% used [0x00000000d5a80000,0x00000000d5e50000,0x00000000d5e80000)
  to   space 4608K, 0% used [0x00000000d5f00000,0x00000000d5f00000,0x00000000d6380000)
 ParOldGen       total 890368K, used 889992K [0x0000000080000000, 0x00000000b6580000, 0x00000000d5580000)
  object space 890368K, 99% used [0x0000000080000000,0x00000000b6522108,0x00000000b6580000)
 Metaspace       used 71994K, committed 73536K, reserved 1179648K
  class space    used 7541K, committed 8192K, reserved 1048576K
}
Event: 168.131 GC heap after
{Heap after GC invocations=863 (full 3):
 PSYoungGen      total 9216K, used 3808K [0x00000000d5580000, 0x00000000d6300000, 0x0000000100000000)
  eden space 5120K, 0% used [0x00000000d5580000,0x00000000d5580000,0x00000000d5a80000)
  from space 4096K, 92% used [0x00000000d5f00000,0x00000000d62b8000,0x00000000d6300000)
  to   space 4096K, 0% used [0x00000000d5a80000,0x00000000d5a80000,0x00000000d5e80000)
 ParOldGen       total 893952K, used 893824K [0x0000000080000000, 0x00000000b6900000, 0x00000000d5580000)
  object space 893952K, 99% used [0x0000000080000000,0x00000000b68e0108,0x00000000b6900000)
 Metaspace       used 71994K, committed 73536K, reserved 1179648K
  class space    used 7541K, committed 8192K, reserved 1048576K
}
Event: 168.272 GC heap before
{Heap before GC invocations=864 (full 3):
 PSYoungGen      total 9216K, used 8928K [0x00000000d5580000, 0x00000000d6300000, 0x0000000100000000)
  eden space 5120K, 100% used [0x00000000d5580000,0x00000000d5a80000,0x00000000d5a80000)
  from space 4096K, 92% used [0x00000000d5f00000,0x00000000d62b8000,0x00000000d6300000)
  to   space 4096K, 0% used [0x00000000d5a80000,0x00000000d5a80000,0x00000000d5e80000)
 ParOldGen       total 893952K, used 893824K [0x0000000080000000, 0x00000000b6900000, 0x00000000d5580000)
  object space 893952K, 99% used [0x0000000080000000,0x00000000b68e0108,0x00000000b6900000)
 Metaspace       used 71995K, committed 73536K, reserved 1179648K
  class space    used 7541K, committed 8192K, reserved 1048576K
}
Event: 168.294 GC heap after
{Heap after GC invocations=864 (full 3):
 PSYoungGen      total 9216K, used 3648K [0x00000000d5580000, 0x00000000d6280000, 0x0000000100000000)
  eden space 5120K, 0% used [0x00000000d5580000,0x00000000d5580000,0x00000000d5a80000)
  from space 4096K, 89% used [0x00000000d5a80000,0x00000000d5e10020,0x00000000d5e80000)
  to   space 4096K, 0% used [0x00000000d5e80000,0x00000000d5e80000,0x00000000d6280000)
 ParOldGen       total 898048K, used 897608K [0x0000000080000000, 0x00000000b6d00000, 0x00000000d5580000)
  object space 898048K, 99% used [0x0000000080000000,0x00000000b6c92108,0x00000000b6d00000)
 Metaspace       used 71995K, committed 73536K, reserved 1179648K
  class space    used 7541K, committed 8192K, reserved 1048576K
}
Event: 168.409 GC heap before
{Heap before GC invocations=865 (full 3):
 PSYoungGen      total 9216K, used 8768K [0x00000000d5580000, 0x00000000d6280000, 0x0000000100000000)
  eden space 5120K, 100% used [0x00000000d5580000,0x00000000d5a80000,0x00000000d5a80000)
  from space 4096K, 89% used [0x00000000d5a80000,0x00000000d5e10020,0x00000000d5e80000)
  to   space 4096K, 0% used [0x00000000d5e80000,0x00000000d5e80000,0x00000000d6280000)
 ParOldGen       total 898048K, used 897608K [0x0000000080000000, 0x00000000b6d00000, 0x00000000d5580000)
  object space 898048K, 99% used [0x0000000080000000,0x00000000b6c92108,0x00000000b6d00000)
 Metaspace       used 71998K, committed 73536K, reserved 1179648K
  class space    used 7541K, committed 8192K, reserved 1048576K
}
Event: 168.426 GC heap after
{Heap after GC invocations=865 (full 3):
 PSYoungGen      total 9216K, used 3646K [0x00000000d5580000, 0x00000000d6280000, 0x0000000100000000)
  eden space 5120K, 0% used [0x00000000d5580000,0x00000000d5580000,0x00000000d5a80000)
  from space 4096K, 89% used [0x00000000d5e80000,0x00000000d620fb18,0x00000000d6280000)
  to   space 4096K, 0% used [0x00000000d5a80000,0x00000000d5a80000,0x00000000d5e80000)
 ParOldGen       total 901632K, used 901120K [0x0000000080000000, 0x00000000b7080000, 0x00000000d5580000)
  object space 901632K, 99% used [0x0000000080000000,0x00000000b7000128,0x00000000b7080000)
 Metaspace       used 71998K, committed 73536K, reserved 1179648K
  class space    used 7541K, committed 8192K, reserved 1048576K
}
Event: 168.520 GC heap before
{Heap before GC invocations=866 (full 3):
 PSYoungGen      total 9216K, used 8766K [0x00000000d5580000, 0x00000000d6280000, 0x0000000100000000)
  eden space 5120K, 100% used [0x00000000d5580000,0x00000000d5a80000,0x00000000d5a80000)
  from space 4096K, 89% used [0x00000000d5e80000,0x00000000d620fb18,0x00000000d6280000)
  to   space 4096K, 0% used [0x00000000d5a80000,0x00000000d5a80000,0x00000000d5e80000)
 ParOldGen       total 901632K, used 901120K [0x0000000080000000, 0x00000000b7080000, 0x00000000d5580000)
  object space 901632K, 99% used [0x0000000080000000,0x00000000b7000128,0x00000000b7080000)
 Metaspace       used 72016K, committed 73600K, reserved 1179648K
  class space    used 7545K, committed 8192K, reserved 1048576K
}
Event: 168.541 GC heap after
{Heap after GC invocations=866 (full 3):
 PSYoungGen      total 9216K, used 3744K [0x00000000d5580000, 0x00000000d6280000, 0x0000000100000000)
  eden space 5120K, 0% used [0x00000000d5580000,0x00000000d5580000,0x00000000d5a80000)
  from space 4096K, 91% used [0x00000000d5a80000,0x00000000d5e28020,0x00000000d5e80000)
  to   space 4096K, 0% used [0x00000000d5e80000,0x00000000d5e80000,0x00000000d6280000)
 ParOldGen       total 904704K, used 904647K [0x0000000080000000, 0x00000000b7380000, 0x00000000d5580000)
  object space 904704K, 99% used [0x0000000080000000,0x00000000b7371c40,0x00000000b7380000)
 Metaspace       used 72016K, committed 73600K, reserved 1179648K
  class space    used 7545K, committed 8192K, reserved 1048576K
}
Event: 168.676 GC heap before
{Heap before GC invocations=867 (full 3):
 PSYoungGen      total 9216K, used 8864K [0x00000000d5580000, 0x00000000d6280000, 0x0000000100000000)
  eden space 5120K, 100% used [0x00000000d5580000,0x00000000d5a80000,0x00000000d5a80000)
  from space 4096K, 91% used [0x00000000d5a80000,0x00000000d5e28020,0x00000000d5e80000)
  to   space 4096K, 0% used [0x00000000d5e80000,0x00000000d5e80000,0x00000000d6280000)
 ParOldGen       total 904704K, used 904647K [0x0000000080000000, 0x00000000b7380000, 0x00000000d5580000)
  object space 904704K, 99% used [0x0000000080000000,0x00000000b7371c40,0x00000000b7380000)
 Metaspace       used 72039K, committed 73600K, reserved 1179648K
  class space    used 7549K, committed 8192K, reserved 1048576K
}
Event: 168.695 GC heap after
{Heap after GC invocations=867 (full 3):
 PSYoungGen      total 8192K, used 2688K [0x00000000d5580000, 0x00000000d6180000, 0x0000000100000000)
  eden space 5120K, 0% used [0x00000000d5580000,0x00000000d5580000,0x00000000d5a80000)
  from space 3072K, 87% used [0x00000000d5e80000,0x00000000d6120000,0x00000000d6180000)
  to   space 3584K, 0% used [0x00000000d5a80000,0x00000000d5a80000,0x00000000d5e00000)
 ParOldGen       total 908288K, used 908271K [0x0000000080000000, 0x00000000b7700000, 0x00000000d5580000)
  object space 908288K, 99% used [0x0000000080000000,0x00000000b76fbc60,0x00000000b7700000)
 Metaspace       used 72039K, committed 73600K, reserved 1179648K
  class space    used 7549K, committed 8192K, reserved 1048576K
}
Event: 168.941 GC heap before
{Heap before GC invocations=868 (full 3):
 PSYoungGen      total 8192K, used 7808K [0x00000000d5580000, 0x00000000d6180000, 0x0000000100000000)
  eden space 5120K, 100% used [0x00000000d5580000,0x00000000d5a80000,0x00000000d5a80000)
  from space 3072K, 87% used [0x00000000d5e80000,0x00000000d6120000,0x00000000d6180000)
  to   space 3584K, 0% used [0x00000000d5a80000,0x00000000d5a80000,0x00000000d5e00000)
 ParOldGen       total 908288K, used 908271K [0x0000000080000000, 0x00000000b7700000, 0x00000000d5580000)
  object space 908288K, 99% used [0x0000000080000000,0x00000000b76fbc60,0x00000000b7700000)
 Metaspace       used 72083K, committed 73664K, reserved 1179648K
  class space    used 7552K, committed 8192K, reserved 1048576K
}
Event: 168.962 GC heap after
{Heap after GC invocations=868 (full 3):
 PSYoungGen      total 8704K, used 3257K [0x00000000d5580000, 0x00000000d6180000, 0x0000000100000000)
  eden space 5120K, 0% used [0x00000000d5580000,0x00000000d5580000,0x00000000d5a80000)
  from space 3584K, 90% used [0x00000000d5a80000,0x00000000d5dae6c8,0x00000000d5e00000)
  to   space 3584K, 0% used [0x00000000d5e00000,0x00000000d5e00000,0x00000000d6180000)
 ParOldGen       total 910848K, used 910807K [0x0000000080000000, 0x00000000b7980000, 0x00000000d5580000)
  object space 910848K, 99% used [0x0000000080000000,0x00000000b7975c60,0x00000000b7980000)
 Metaspace       used 72083K, committed 73664K, reserved 1179648K
  class space    used 7552K, committed 8192K, reserved 1048576K
}
Event: 169.669 GC heap before
{Heap before GC invocations=869 (full 3):
 PSYoungGen      total 8704K, used 8377K [0x00000000d5580000, 0x00000000d6180000, 0x0000000100000000)
  eden space 5120K, 100% used [0x00000000d5580000,0x00000000d5a80000,0x00000000d5a80000)
  from space 3584K, 90% used [0x00000000d5a80000,0x00000000d5dae6c8,0x00000000d5e00000)
  to   space 3584K, 0% used [0x00000000d5e00000,0x00000000d5e00000,0x00000000d6180000)
 ParOldGen       total 910848K, used 910807K [0x0000000080000000, 0x00000000b7980000, 0x00000000d5580000)
  object space 910848K, 99% used [0x0000000080000000,0x00000000b7975c60,0x00000000b7980000)
 Metaspace       used 72128K, committed 73664K, reserved 1179648K
  class space    used 7552K, committed 8192K, reserved 1048576K
}
Event: 169.691 GC heap after
{Heap after GC invocations=869 (full 3):
 PSYoungGen      total 7168K, used 1600K [0x00000000d5580000, 0x00000000d6000000, 0x0000000100000000)
  eden space 5120K, 0% used [0x00000000d5580000,0x00000000d5580000,0x00000000d5a80000)
  from space 2048K, 78% used [0x00000000d5e00000,0x00000000d5f90020,0x00000000d6000000)
  to   space 2560K, 0% used [0x00000000d5b00000,0x00000000d5b00000,0x00000000d5d80000)
 ParOldGen       total 913920K, used 913775K [0x0000000080000000, 0x00000000b7c80000, 0x00000000d5580000)
  object space 913920K, 99% used [0x0000000080000000,0x00000000b7c5bc80,0x00000000b7c80000)
 Metaspace       used 72128K, committed 73664K, reserved 1179648K
  class space    used 7552K, committed 8192K, reserved 1048576K
}
Event: 170.690 GC heap before
{Heap before GC invocations=870 (full 3):
 PSYoungGen      total 7168K, used 6720K [0x00000000d5580000, 0x00000000d6000000, 0x0000000100000000)
  eden space 5120K, 100% used [0x00000000d5580000,0x00000000d5a80000,0x00000000d5a80000)
  from space 2048K, 78% used [0x00000000d5e00000,0x00000000d5f90020,0x00000000d6000000)
  to   space 2560K, 0% used [0x00000000d5b00000,0x00000000d5b00000,0x00000000d5d80000)
 ParOldGen       total 913920K, used 913775K [0x0000000080000000, 0x00000000b7c80000, 0x00000000d5580000)
  object space 913920K, 99% used [0x0000000080000000,0x00000000b7c5bc80,0x00000000b7c80000)
 Metaspace       used 72159K, committed 73664K, reserved 1179648K
  class space    used 7552K, committed 8192K, reserved 1048576K
}
Event: 170.703 GC heap after
{Heap after GC invocations=870 (full 3):
 PSYoungGen      total 7680K, used 192K [0x00000000d5580000, 0x00000000d5e80000, 0x0000000100000000)
  eden space 5120K, 0% used [0x00000000d5580000,0x00000000d5580000,0x00000000d5a80000)
  from space 2560K, 7% used [0x00000000d5b00000,0x00000000d5b30000,0x00000000d5d80000)
  to   space 1024K, 0% used [0x00000000d5d80000,0x00000000d5d80000,0x00000000d5e80000)
 ParOldGen       total 915456K, used 915143K [0x0000000080000000, 0x00000000b7e00000, 0x00000000d5580000)
  object space 915456K, 99% used [0x0000000080000000,0x00000000b7db1ca0,0x00000000b7e00000)
 Metaspace       used 72159K, committed 73664K, reserved 1179648K
  class space    used 7552K, committed 8192K, reserved 1048576K
}

Dll operation events (12 events):
Event: 0.016 Loaded shared library c:\Users\skyhi\.vscode\extensions\redhat.java-1.46.0-win32-x64\jre\21.0.8-win32-x86_64\bin\java.dll
Event: 0.142 Loaded shared library c:\Users\skyhi\.vscode\extensions\redhat.java-1.46.0-win32-x64\jre\21.0.8-win32-x86_64\bin\zip.dll
Event: 0.177 Loaded shared library C:\Users\skyhi\.vscode\extensions\redhat.java-1.46.0-win32-x64\jre\21.0.8-win32-x86_64\bin\instrument.dll
Event: 0.188 Loaded shared library C:\Users\skyhi\.vscode\extensions\redhat.java-1.46.0-win32-x64\jre\21.0.8-win32-x86_64\bin\net.dll
Event: 0.195 Loaded shared library C:\Users\skyhi\.vscode\extensions\redhat.java-1.46.0-win32-x64\jre\21.0.8-win32-x86_64\bin\nio.dll
Event: 0.200 Loaded shared library C:\Users\skyhi\.vscode\extensions\redhat.java-1.46.0-win32-x64\jre\21.0.8-win32-x86_64\bin\zip.dll
Event: 0.251 Loaded shared library C:\Users\skyhi\.vscode\extensions\redhat.java-1.46.0-win32-x64\jre\21.0.8-win32-x86_64\bin\jimage.dll
Event: 0.382 Loaded shared library c:\Users\skyhi\.vscode\extensions\redhat.java-1.46.0-win32-x64\jre\21.0.8-win32-x86_64\bin\verify.dll
Event: 22.929 Loaded shared library C:\Users\skyhi\AppData\Roaming\Code\User\globalStorage\redhat.java\1.46.0\config_win\org.eclipse.equinox.launcher\org.eclipse.equinox.launcher.win32.win32.x86_64_1.2.1400.v20250801-0854\eclipse_11916.dll
Event: 48.181 Loaded shared library C:\Users\skyhi\AppData\Local\Temp\jna-109512162\jna175283410719946540.dll
Event: 51.819 Loaded shared library C:\Users\skyhi\.vscode\extensions\redhat.java-1.46.0-win32-x64\jre\21.0.8-win32-x86_64\bin\sunmscapi.dll
Event: 53.316 Loaded shared library C:\Users\skyhi\.vscode\extensions\redhat.java-1.46.0-win32-x64\jre\21.0.8-win32-x86_64\bin\extnet.dll

Deoptimization events (20 events):
Event: 357.047 Thread 0x000001fbe8b9d720 Uncommon trap: trap_request=0xffffffde fr.pc=0x000001fb99fb4a98 relative=0x00000000000003b8
Event: 357.048 Thread 0x000001fbe8b9d720 Uncommon trap: reason=class_check action=maybe_recompile pc=0x000001fb99fb4a98 method=java.io.DataOutputStream.writeByte(I)V @ 5 c2
Event: 357.048 Thread 0x000001fbe8b9d720 DEOPT PACKING pc=0x000001fb99fb4a98 sp=0x00000052a77ff320
Event: 357.048 Thread 0x000001fbe8b9d720 DEOPT UNPACKING pc=0x000001fb995a3aa2 sp=0x00000052a77ff2d8 mode 2
Event: 357.055 Thread 0x000001fbe8b9d720 Uncommon trap: trap_request=0xffffffde fr.pc=0x000001fb99fb4a98 relative=0x00000000000003b8
Event: 357.055 Thread 0x000001fbe8b9d720 Uncommon trap: reason=class_check action=maybe_recompile pc=0x000001fb99fb4a98 method=java.io.DataOutputStream.writeByte(I)V @ 5 c2
Event: 357.055 Thread 0x000001fbe8b9d720 DEOPT PACKING pc=0x000001fb99fb4a98 sp=0x00000052a77ff1b0
Event: 357.055 Thread 0x000001fbe8b9d720 DEOPT UNPACKING pc=0x000001fb995a3aa2 sp=0x00000052a77ff168 mode 2
Event: 357.055 Thread 0x000001fbe8b9d720 Uncommon trap: trap_request=0xffffffde fr.pc=0x000001fb99fb4a98 relative=0x00000000000003b8
Event: 357.055 Thread 0x000001fbe8b9d720 Uncommon trap: reason=class_check action=maybe_recompile pc=0x000001fb99fb4a98 method=java.io.DataOutputStream.writeByte(I)V @ 5 c2
Event: 357.055 Thread 0x000001fbe8b9d720 DEOPT PACKING pc=0x000001fb99fb4a98 sp=0x00000052a77ff1b0
Event: 357.055 Thread 0x000001fbe8b9d720 DEOPT UNPACKING pc=0x000001fb995a3aa2 sp=0x00000052a77ff168 mode 2
Event: 357.055 Thread 0x000001fbe8b9d720 Uncommon trap: trap_request=0xffffffde fr.pc=0x000001fb99fb4a98 relative=0x00000000000003b8
Event: 357.055 Thread 0x000001fbe8b9d720 Uncommon trap: reason=class_check action=maybe_recompile pc=0x000001fb99fb4a98 method=java.io.DataOutputStream.writeByte(I)V @ 5 c2
Event: 357.055 Thread 0x000001fbe8b9d720 DEOPT PACKING pc=0x000001fb99fb4a98 sp=0x00000052a77ff1b0
Event: 357.055 Thread 0x000001fbe8b9d720 DEOPT UNPACKING pc=0x000001fb995a3aa2 sp=0x00000052a77ff168 mode 2
Event: 357.466 Thread 0x000001fbe8b9d720 Uncommon trap: trap_request=0xffffffc6 fr.pc=0x000001fb9a203880 relative=0x0000000000004d60
Event: 357.466 Thread 0x000001fbe8b9d720 Uncommon trap: reason=bimorphic_or_optimized_type_check action=maybe_recompile pc=0x000001fb9a203880 method=java.util.Properties.load0(Ljava/util/Properties$LineReader;)V @ 241 c2
Event: 357.466 Thread 0x000001fbe8b9d720 DEOPT PACKING pc=0x000001fb9a203880 sp=0x00000052a77ff200
Event: 357.466 Thread 0x000001fbe8b9d720 DEOPT UNPACKING pc=0x000001fb995a3aa2 sp=0x00000052a77ff240 mode 2

Classes loaded (20 events):
Event: 356.501 Loading class java/util/stream/Nodes$CollectorTask$OfRef
Event: 356.510 Loading class java/util/stream/Nodes$CollectorTask
Event: 356.522 Loading class java/util/stream/Nodes$CollectorTask done
Event: 356.522 Loading class java/util/stream/Nodes$CollectorTask$OfRef done
Event: 356.524 Loading class java/util/function/LongFunction
Event: 356.527 Loading class java/util/function/LongFunction done
Event: 356.532 Loading class java/util/stream/Nodes$ConcNode
Event: 356.537 Loading class java/util/stream/Nodes$AbstractConcNode
Event: 356.543 Loading class java/util/stream/Nodes$AbstractConcNode done
Event: 356.543 Loading class java/util/stream/Nodes$ConcNode done
Event: 356.811 Loading class java/util/stream/Nodes$ToArrayTask$OfRef
Event: 356.813 Loading class java/util/stream/Nodes$ToArrayTask
Event: 356.816 Loading class java/util/stream/Nodes$ToArrayTask done
Event: 356.816 Loading class java/util/stream/Nodes$ToArrayTask$OfRef done
Event: 356.839 Loading class java/io/ObjectOutputStream$BlockDataOutputStream
Event: 356.845 Loading class java/io/ObjectOutputStream$BlockDataOutputStream done
Event: 356.845 Loading class java/io/ObjectOutputStream$HandleTable
Event: 356.849 Loading class java/io/ObjectOutputStream$HandleTable done
Event: 356.849 Loading class java/io/ObjectOutputStream$ReplaceTable
Event: 356.859 Loading class java/io/ObjectOutputStream$ReplaceTable done

Classes unloaded (7 events):
Event: 49.266 Thread 0x000001fb8eed63f0 Unloading class 0x000001fba71b0800 'java/lang/invoke/LambdaForm$MH+0x000001fba71b0800'
Event: 49.266 Thread 0x000001fb8eed63f0 Unloading class 0x000001fba71b0400 'java/lang/invoke/LambdaForm$MH+0x000001fba71b0400'
Event: 49.266 Thread 0x000001fb8eed63f0 Unloading class 0x000001fba71b0000 'java/lang/invoke/LambdaForm$MH+0x000001fba71b0000'
Event: 49.266 Thread 0x000001fb8eed63f0 Unloading class 0x000001fba71afc00 'java/lang/invoke/LambdaForm$MH+0x000001fba71afc00'
Event: 49.266 Thread 0x000001fb8eed63f0 Unloading class 0x000001fba71af800 'java/lang/invoke/LambdaForm$BMH+0x000001fba71af800'
Event: 49.266 Thread 0x000001fb8eed63f0 Unloading class 0x000001fba71af400 'java/lang/invoke/LambdaForm$DMH+0x000001fba71af400'
Event: 49.266 Thread 0x000001fb8eed63f0 Unloading class 0x000001fba71ae000 'java/lang/invoke/LambdaForm$DMH+0x000001fba71ae000'

Classes redefined (0 events):
No events

Internal exceptions (20 events):
Event: 170.722 Thread 0x000001fbee8bb2b0 Exception <a 'sun/nio/fs/WindowsException'{0x00000000d55a47d0}> (0x00000000d55a47d0) 
thrown [s\src\hotspot\share\prims\jni.cpp, line 520]
Event: 170.723 Thread 0x000001fbee8bb2b0 Exception <a 'sun/nio/fs/WindowsException'{0x00000000d55a5528}> (0x00000000d55a5528) 
thrown [s\src\hotspot\share\prims\jni.cpp, line 520]
Event: 170.723 Thread 0x000001fbee8bb2b0 Exception <a 'sun/nio/fs/WindowsException'{0x00000000d55a5e08}> (0x00000000d55a5e08) 
thrown [s\src\hotspot\share\prims\jni.cpp, line 520]
Event: 170.724 Thread 0x000001fbee8bb2b0 Exception <a 'sun/nio/fs/WindowsException'{0x00000000d55a70f8}> (0x00000000d55a70f8) 
thrown [s\src\hotspot\share\prims\jni.cpp, line 520]
Event: 170.724 Thread 0x000001fbee8bb2b0 Exception <a 'sun/nio/fs/WindowsException'{0x00000000d55a79d8}> (0x00000000d55a79d8) 
thrown [s\src\hotspot\share\prims\jni.cpp, line 520]
Event: 356.754 Thread 0x000001fbe8b9d720 Exception <a 'sun/nio/fs/WindowsException'{0x00000000d57ab1f0}> (0x00000000d57ab1f0) 
thrown [s\src\hotspot\share\prims\jni.cpp, line 520]
Event: 356.757 Thread 0x000001fbe8b9d720 Exception <a 'sun/nio/fs/WindowsException'{0x00000000d57abd38}> (0x00000000d57abd38) 
thrown [s\src\hotspot\share\prims\jni.cpp, line 520]
Event: 356.764 Thread 0x000001fbe8b9d720 Exception <a 'sun/nio/fs/WindowsException'{0x00000000d57adae8}> (0x00000000d57adae8) 
thrown [s\src\hotspot\share\prims\jni.cpp, line 520]
Event: 356.765 Thread 0x000001fbe8b9d720 Exception <a 'sun/nio/fs/WindowsException'{0x00000000d57ae610}> (0x00000000d57ae610) 
thrown [s\src\hotspot\share\prims\jni.cpp, line 520]
Event: 356.766 Thread 0x000001fbe8b9d720 Exception <a 'sun/nio/fs/WindowsException'{0x00000000d57b0500}> (0x00000000d57b0500) 
thrown [s\src\hotspot\share\prims\jni.cpp, line 520]
Event: 356.766 Thread 0x000001fbe8b9d720 Exception <a 'sun/nio/fs/WindowsException'{0x00000000d57b1028}> (0x00000000d57b1028) 
thrown [s\src\hotspot\share\prims\jni.cpp, line 520]
Event: 356.768 Thread 0x000001fbe8b9d720 Exception <a 'sun/nio/fs/WindowsException'{0x00000000d57b2a08}> (0x00000000d57b2a08) 
thrown [s\src\hotspot\share\prims\jni.cpp, line 520]
Event: 356.768 Thread 0x000001fbe8b9d720 Exception <a 'sun/nio/fs/WindowsException'{0x00000000d57b3530}> (0x00000000d57b3530) 
thrown [s\src\hotspot\share\prims\jni.cpp, line 520]
Event: 356.771 Thread 0x000001fbe8b9d720 Exception <a 'sun/nio/fs/WindowsException'{0x00000000d57b58b0}> (0x00000000d57b58b0) 
thrown [s\src\hotspot\share\prims\jni.cpp, line 520]
Event: 356.771 Thread 0x000001fbe8b9d720 Exception <a 'sun/nio/fs/WindowsException'{0x00000000d57b6410}> (0x00000000d57b6410) 
thrown [s\src\hotspot\share\prims\jni.cpp, line 520]
Event: 356.781 Thread 0x000001fbe8b9d720 Exception <a 'sun/nio/fs/WindowsException'{0x00000000d57c50f0}> (0x00000000d57c50f0) 
thrown [s\src\hotspot\share\prims\jni.cpp, line 520]
Event: 356.781 Thread 0x000001fbe8b9d720 Exception <a 'sun/nio/fs/WindowsException'{0x00000000d57c5c48}> (0x00000000d57c5c48) 
thrown [s\src\hotspot\share\prims\jni.cpp, line 520]
Event: 356.787 Thread 0x000001fbe8b9d720 Implicit null exception at 0x000001fb9a315325 to 0x000001fb9a3155a8
Event: 357.003 Thread 0x000001fbe8b9d720 Exception <a 'java/lang/NoSuchMethodError'{0x00000000d586b930}: static [J.<clinit>()V> (0x00000000d586b930) 
thrown [s\src\hotspot\share\prims\jni.cpp, line 1111]
Event: 357.072 Thread 0x000001fbe8b9d720 Exception <a 'java/lang/NoSuchMethodError'{0x00000000d58bfab0}: 'java.lang.Object java.lang.invoke.DirectMethodHandle$Holder.newInvokeSpecial(java.lang.Object, java.lang.Object, java.lang.Object, java.lang.Object, java.lang.Object, java.lang.Object, java.lang.Object, java.lang.Object)'> (0x00000000d58bfab0) 
thrown [s\src\hotspot\share\interpreter\linkResolver.cpp, line 773]

ZGC Phase Switch (0 events):
No events

VM Operations (20 events):
Event: 1984.205 Executing VM operation: HandshakeAllThreads (HandshakeForDeflation)
Event: 1984.205 Executing VM operation: HandshakeAllThreads (HandshakeForDeflation) done
Event: 1984.205 Executing VM operation: RendezvousGCThreads
Event: 1984.205 Executing VM operation: RendezvousGCThreads done
Event: 2044.450 Executing VM operation: HandshakeAllThreads (HandshakeForDeflation)
Event: 2044.451 Executing VM operation: HandshakeAllThreads (HandshakeForDeflation) done
Event: 2044.451 Executing VM operation: RendezvousGCThreads
Event: 2044.451 Executing VM operation: RendezvousGCThreads done
Event: 2104.453 Executing VM operation: HandshakeAllThreads (HandshakeForDeflation)
Event: 2104.453 Executing VM operation: HandshakeAllThreads (HandshakeForDeflation) done
Event: 2104.453 Executing VM operation: RendezvousGCThreads
Event: 2104.453 Executing VM operation: RendezvousGCThreads done
Event: 2164.682 Executing VM operation: HandshakeAllThreads (HandshakeForDeflation)
Event: 2164.682 Executing VM operation: HandshakeAllThreads (HandshakeForDeflation) done
Event: 2164.682 Executing VM operation: RendezvousGCThreads
Event: 2164.682 Executing VM operation: RendezvousGCThreads done
Event: 2224.852 Executing VM operation: HandshakeAllThreads (HandshakeForDeflation)
Event: 2224.859 Executing VM operation: HandshakeAllThreads (HandshakeForDeflation) done
Event: 2224.860 Executing VM operation: RendezvousGCThreads
Event: 2224.861 Executing VM operation: RendezvousGCThreads done

Memory protections (0 events):
No events

Nmethod flushes (20 events):
Event: 60.389 Thread 0x000001fb8eed63f0 flushing  nmethod 0x000001fb92ac1390
Event: 60.389 Thread 0x000001fb8eed63f0 flushing  nmethod 0x000001fb92ae2790
Event: 60.389 Thread 0x000001fb8eed63f0 flushing  nmethod 0x000001fb92ae5590
Event: 60.389 Thread 0x000001fb8eed63f0 flushing  nmethod 0x000001fb92aea010
Event: 60.389 Thread 0x000001fb8eed63f0 flushing  nmethod 0x000001fb92b04710
Event: 60.389 Thread 0x000001fb8eed63f0 flushing  nmethod 0x000001fb92b05390
Event: 60.389 Thread 0x000001fb8eed63f0 flushing  nmethod 0x000001fb92b07990
Event: 60.389 Thread 0x000001fb8eed63f0 flushing  nmethod 0x000001fb92b08c10
Event: 60.389 Thread 0x000001fb8eed63f0 flushing  nmethod 0x000001fb92b0a710
Event: 60.389 Thread 0x000001fb8eed63f0 flushing  nmethod 0x000001fb92b17d10
Event: 60.389 Thread 0x000001fb8eed63f0 flushing  nmethod 0x000001fb92b18090
Event: 60.389 Thread 0x000001fb8eed63f0 flushing  nmethod 0x000001fb92b1a610
Event: 60.389 Thread 0x000001fb8eed63f0 flushing  nmethod 0x000001fb92b1ab90
Event: 60.389 Thread 0x000001fb8eed63f0 flushing  nmethod 0x000001fb92b1b010
Event: 60.389 Thread 0x000001fb8eed63f0 flushing  nmethod 0x000001fb92b1bb10
Event: 60.389 Thread 0x000001fb8eed63f0 flushing  nmethod 0x000001fb92b22010
Event: 60.389 Thread 0x000001fb8eed63f0 flushing  nmethod 0x000001fb92b22590
Event: 60.389 Thread 0x000001fb8eed63f0 flushing  nmethod 0x000001fb92b22b90
Event: 60.389 Thread 0x000001fb8eed63f0 flushing  nmethod 0x000001fb92b35190
Event: 60.389 Thread 0x000001fb8eed63f0 flushing  nmethod 0x000001fb92b37110

Events (20 events):
Event: 376.728 Thread 0x000001fbefaefb70 Thread exited: 0x000001fbefaefb70
Event: 376.728 Thread 0x000001fbefaf1c40 Thread exited: 0x000001fbefaf1c40
Event: 376.729 Thread 0x000001fbefaeb9d0 Thread exited: 0x000001fbefaeb9d0
Event: 376.729 Thread 0x000001fbefaec060 Thread exited: 0x000001fbefaec060
Event: 376.859 Thread 0x000001fbefaf15b0 Thread exited: 0x000001fbefaf15b0
Event: 376.893 Thread 0x000001fbefaee7c0 Thread exited: 0x000001fbefaee7c0
Event: 376.893 Thread 0x000001fbefaef4e0 Thread exited: 0x000001fbefaef4e0
Event: 376.893 Thread 0x000001fbefaeee50 Thread exited: 0x000001fbefaeee50
Event: 376.922 Thread 0x000001fbefaeacb0 Thread exited: 0x000001fbefaeacb0
Event: 376.925 Thread 0x000001fbefaecd80 Thread exited: 0x000001fbefaecd80
Event: 376.955 Thread 0x000001fbefaec6f0 Thread exited: 0x000001fbefaec6f0
Event: 377.156 Thread 0x000001fbefaf0890 Thread exited: 0x000001fbefaf0890
Event: 382.812 Thread 0x000001fbef59a8e0 Thread exited: 0x000001fbef59a8e0
Event: 411.113 Thread 0x000001fbee8b91e0 Thread exited: 0x000001fbee8b91e0
Event: 417.596 Thread 0x000001fbee8b9870 Thread exited: 0x000001fbee8b9870
Event: 436.957 Thread 0x000001fbefaeb340 Thread exited: 0x000001fbefaeb340
Event: 471.129 Thread 0x000001fbee8b8b50 Thread exited: 0x000001fbee8b8b50
Event: 496.963 Thread 0x000001fbefaea620 Thread exited: 0x000001fbefaea620
Event: 531.139 Thread 0x000001fbee8b9f00 Thread exited: 0x000001fbee8b9f00
Event: 591.280 Thread 0x000001fbee8b7110 Thread exited: 0x000001fbee8b7110


Dynamic libraries:
0x00007ff790be0000 - 0x00007ff790bee000 	c:\Users\skyhi\.vscode\extensions\redhat.java-1.46.0-win32-x64\jre\21.0.8-win32-x86_64\bin\java.exe
0x00007ffd3ea80000 - 0x00007ffd3ece8000 	C:\Windows\SYSTEM32\ntdll.dll
0x00007ffd3daa0000 - 0x00007ffd3db69000 	C:\Windows\System32\KERNEL32.DLL
0x00007ffd3bc10000 - 0x00007ffd3c002000 	C:\Windows\System32\KERNELBASE.dll
0x00007ffd37be0000 - 0x00007ffd37c7f000 	C:\Windows\SYSTEM32\apphelp.dll
0x00007ffd3c700000 - 0x00007ffd3c84b000 	C:\Windows\System32\ucrtbase.dll
0x00007ffd1a0a0000 - 0x00007ffd1a0b8000 	c:\Users\skyhi\.vscode\extensions\redhat.java-1.46.0-win32-x64\jre\21.0.8-win32-x86_64\bin\jli.dll
0x00007ffd19f80000 - 0x00007ffd19f9e000 	c:\Users\skyhi\.vscode\extensions\redhat.java-1.46.0-win32-x64\jre\21.0.8-win32-x86_64\bin\VCRUNTIME140.dll
0x00007ffd3e870000 - 0x00007ffd3ea35000 	C:\Windows\System32\USER32.dll
0x00007ffd3c640000 - 0x00007ffd3c667000 	C:\Windows\System32\win32u.dll
0x00007ffd3e2f0000 - 0x00007ffd3e31b000 	C:\Windows\System32\GDI32.dll
0x00007ffd1c360000 - 0x00007ffd1c5f3000 	C:\Windows\WinSxS\amd64_microsoft.windows.common-controls_6595b64144ccf1df_6.0.26100.6899_none_3e0efeeae32e88c1\COMCTL32.dll
0x00007ffd3c190000 - 0x00007ffd3c2bd000 	C:\Windows\System32\gdi32full.dll
0x00007ffd3c2c0000 - 0x00007ffd3c363000 	C:\Windows\System32\msvcp_win.dll
0x00007ffd3cf00000 - 0x00007ffd3cfa9000 	C:\Windows\System32\msvcrt.dll
0x00007ffd3e1f0000 - 0x00007ffd3e21f000 	C:\Windows\System32\IMM32.DLL
0x00007ffd271f0000 - 0x00007ffd271fc000 	c:\Users\skyhi\.vscode\extensions\redhat.java-1.46.0-win32-x64\jre\21.0.8-win32-x86_64\bin\vcruntime140_1.dll
0x00007ffceedf0000 - 0x00007ffceee7d000 	c:\Users\skyhi\.vscode\extensions\redhat.java-1.46.0-win32-x64\jre\21.0.8-win32-x86_64\bin\msvcp140.dll
0x00007ffc85f80000 - 0x00007ffc86d17000 	c:\Users\skyhi\.vscode\extensions\redhat.java-1.46.0-win32-x64\jre\21.0.8-win32-x86_64\bin\server\jvm.dll
0x00007ffd3cab0000 - 0x00007ffd3cb64000 	C:\Windows\System32\ADVAPI32.dll
0x00007ffd3e140000 - 0x00007ffd3e1e6000 	C:\Windows\System32\sechost.dll
0x00007ffd3cfb0000 - 0x00007ffd3d0c8000 	C:\Windows\System32\RPCRT4.dll
0x00007ffd3d1c0000 - 0x00007ffd3d234000 	C:\Windows\System32\WS2_32.dll
0x00007ffd3ba70000 - 0x00007ffd3bace000 	C:\Windows\SYSTEM32\POWRPROF.dll
0x00007ffd34730000 - 0x00007ffd34765000 	C:\Windows\SYSTEM32\WINMM.dll
0x00007ffd23b60000 - 0x00007ffd23b6b000 	C:\Windows\SYSTEM32\VERSION.dll
0x00007ffd3ba50000 - 0x00007ffd3ba64000 	C:\Windows\SYSTEM32\UMPDC.dll
0x00007ffd3a9e0000 - 0x00007ffd3a9fb000 	C:\Windows\SYSTEM32\kernel.appcore.dll
0x00007ffd271b0000 - 0x00007ffd271ba000 	c:\Users\skyhi\.vscode\extensions\redhat.java-1.46.0-win32-x64\jre\21.0.8-win32-x86_64\bin\jimage.dll
0x00007ffd39030000 - 0x00007ffd39272000 	C:\Windows\SYSTEM32\DBGHELP.DLL
0x00007ffd3dbe0000 - 0x00007ffd3df5b000 	C:\Windows\System32\combase.dll
0x00007ffd3d0d0000 - 0x00007ffd3d1a7000 	C:\Windows\System32\OLEAUT32.dll
0x00007ffd239e0000 - 0x00007ffd23a1c000 	C:\Windows\SYSTEM32\dbgcore.DLL
0x00007ffd3c5a0000 - 0x00007ffd3c638000 	C:\Windows\System32\bcryptPrimitives.dll
0x00007ffd26d50000 - 0x00007ffd26d5f000 	c:\Users\skyhi\.vscode\extensions\redhat.java-1.46.0-win32-x64\jre\21.0.8-win32-x86_64\bin\instrument.dll
0x00007ffd19e60000 - 0x00007ffd19e7f000 	c:\Users\skyhi\.vscode\extensions\redhat.java-1.46.0-win32-x64\jre\21.0.8-win32-x86_64\bin\java.dll
0x00007ffd3d240000 - 0x00007ffd3d98d000 	C:\Windows\System32\SHELL32.dll
0x00007ffd3c430000 - 0x00007ffd3c59b000 	C:\Windows\System32\wintypes.dll
0x00007ffd39860000 - 0x00007ffd3a0bd000 	C:\Windows\SYSTEM32\windows.storage.dll
0x00007ffd3cb70000 - 0x00007ffd3cc62000 	C:\Windows\System32\SHCORE.dll
0x00007ffd3e280000 - 0x00007ffd3e2e2000 	C:\Windows\System32\shlwapi.dll
0x00007ffd3bb30000 - 0x00007ffd3bb59000 	C:\Windows\SYSTEM32\profapi.dll
0x00007ffd18440000 - 0x00007ffd18458000 	c:\Users\skyhi\.vscode\extensions\redhat.java-1.46.0-win32-x64\jre\21.0.8-win32-x86_64\bin\zip.dll
0x00007ffd26d00000 - 0x00007ffd26d10000 	C:\Users\skyhi\.vscode\extensions\redhat.java-1.46.0-win32-x64\jre\21.0.8-win32-x86_64\bin\net.dll
0x00007ffd2d520000 - 0x00007ffd2d63f000 	C:\Windows\SYSTEM32\WINHTTP.dll
0x00007ffd3af50000 - 0x00007ffd3afbb000 	C:\Windows\system32\mswsock.dll
0x00007ffd14b70000 - 0x00007ffd14b86000 	C:\Users\skyhi\.vscode\extensions\redhat.java-1.46.0-win32-x64\jre\21.0.8-win32-x86_64\bin\nio.dll
0x00007ffd26800000 - 0x00007ffd26810000 	c:\Users\skyhi\.vscode\extensions\redhat.java-1.46.0-win32-x64\jre\21.0.8-win32-x86_64\bin\verify.dll
0x00007ffd07630000 - 0x00007ffd07674000 	C:\Users\skyhi\AppData\Roaming\Code\User\globalStorage\redhat.java\1.46.0\config_win\org.eclipse.equinox.launcher\org.eclipse.equinox.launcher.win32.win32.x86_64_1.2.1400.v20250801-0854\eclipse_11916.dll
0x00007ffd3cc70000 - 0x00007ffd3ce08000 	C:\Windows\System32\ole32.dll
0x00007ffd3b200000 - 0x00007ffd3b21b000 	C:\Windows\SYSTEM32\CRYPTSP.dll
0x00007ffd3a940000 - 0x00007ffd3a97b000 	C:\Windows\system32\rsaenh.dll
0x00007ffd3aff0000 - 0x00007ffd3b01b000 	C:\Windows\SYSTEM32\USERENV.dll
0x00007ffd3bb00000 - 0x00007ffd3bb26000 	C:\Windows\SYSTEM32\bcrypt.dll
0x00007ffd3b220000 - 0x00007ffd3b22c000 	C:\Windows\SYSTEM32\CRYPTBASE.dll
0x00007ffd3a530000 - 0x00007ffd3a564000 	C:\Windows\SYSTEM32\IPHLPAPI.DLL
0x00007ffd3e260000 - 0x00007ffd3e26a000 	C:\Windows\System32\NSI.dll
0x00007ffd07b10000 - 0x00007ffd07b59000 	C:\Users\skyhi\AppData\Local\Temp\jna-109512162\jna175283410719946540.dll
0x00007ffd3ce10000 - 0x00007ffd3ce18000 	C:\Windows\System32\PSAPI.DLL
0x00007ffd35500000 - 0x00007ffd3551e000 	C:\Windows\SYSTEM32\dhcpcsvc6.DLL
0x00007ffd35430000 - 0x00007ffd35453000 	C:\Windows\SYSTEM32\dhcpcsvc.DLL
0x00007ffd268d0000 - 0x00007ffd268de000 	C:\Users\skyhi\.vscode\extensions\redhat.java-1.46.0-win32-x64\jre\21.0.8-win32-x86_64\bin\sunmscapi.dll
0x00007ffd3c010000 - 0x00007ffd3c187000 	C:\Windows\System32\CRYPT32.dll
0x00007ffd3b420000 - 0x00007ffd3b450000 	C:\Windows\SYSTEM32\ncrypt.dll
0x00007ffd3b3d0000 - 0x00007ffd3b40f000 	C:\Windows\SYSTEM32\NTASN1.dll
0x00007ffd3a570000 - 0x00007ffd3a696000 	C:\Windows\SYSTEM32\DNSAPI.dll
0x00007ffd2bd00000 - 0x00007ffd2bd0b000 	C:\Windows\System32\rasadhlp.dll
0x00007ffd35640000 - 0x00007ffd356c6000 	C:\Windows\System32\fwpuclnt.dll
0x00007ffd249c0000 - 0x00007ffd249c9000 	C:\Users\skyhi\.vscode\extensions\redhat.java-1.46.0-win32-x64\jre\21.0.8-win32-x86_64\bin\extnet.dll

JVMTI agents:
c:\Users\skyhi\.vscode\extensions\redhat.java-1.46.0-win32-x64\lombok\lombok-1.18.39-4050.jar path:c:\Users\skyhi\.vscode\extensions\redhat.java-1.46.0-win32-x64\jre\21.0.8-win32-x86_64\bin\instrument.dll, loaded, initialized, instrumentlib options:none

dbghelp: loaded successfully - version: 4.0.5 - missing functions: none
symbol engine: initialized successfully - sym options: 0x614 - pdb path: .;c:\Users\skyhi\.vscode\extensions\redhat.java-1.46.0-win32-x64\jre\21.0.8-win32-x86_64\bin;C:\Windows\SYSTEM32;C:\Windows\WinSxS\amd64_microsoft.windows.common-controls_6595b64144ccf1df_6.0.26100.6899_none_3e0efeeae32e88c1;c:\Users\skyhi\.vscode\extensions\redhat.java-1.46.0-win32-x64\jre\21.0.8-win32-x86_64\bin\server;C:\Users\skyhi\AppData\Roaming\Code\User\globalStorage\redhat.java\1.46.0\config_win\org.eclipse.equinox.launcher\org.eclipse.equinox.launcher.win32.win32.x86_64_1.2.1400.v20250801-0854;C:\Users\skyhi\AppData\Local\Temp\jna-109512162

VM Arguments:
jvm_args: --add-modules=ALL-SYSTEM --add-opens=java.base/java.util=ALL-UNNAMED --add-opens=java.base/java.lang=ALL-UNNAMED --add-opens=java.base/sun.nio.fs=ALL-UNNAMED -Declipse.application=org.eclipse.jdt.ls.core.id1 -Dosgi.bundles.defaultStartLevel=4 -Declipse.product=org.eclipse.jdt.ls.core.product -Djava.import.generatesMetadataFilesAtProjectRoot=false -DDetectVMInstallationsJob.disabled=true -Dfile.encoding=utf8 -XX:+UseParallelGC -XX:GCTimeRatio=4 -XX:AdaptiveSizePolicyWeight=90 -Dsun.zip.disableMemoryMapping=true -Xmx2G -Xms100m -Xlog:disable -javaagent:c:\Users\skyhi\.vscode\extensions\redhat.java-1.46.0-win32-x64\lombok\lombok-1.18.39-4050.jar -XX:+HeapDumpOnOutOfMemoryError -XX:HeapDumpPath=c:\Users\skyhi\AppData\Roaming\Code\User\workspaceStorage\1e4f3eec4e38cd53eeb701cea1e67679\redhat.java -Daether.dependencyCollector.impl=bf 
java_command: c:\Users\skyhi\.vscode\extensions\redhat.java-1.46.0-win32-x64\server\plugins\org.eclipse.equinox.launcher_1.7.0.v20250519-0528.jar -configuration c:\Users\skyhi\AppData\Roaming\Code\User\globalStorage\redhat.java\1.46.0\config_win -data c:\Users\skyhi\AppData\Roaming\Code\User\workspaceStorage\1e4f3eec4e38cd53eeb701cea1e67679\redhat.java\jdt_ws --pipe=\\.\pipe\lsp-78f5771d4f2ba8403dccd9bc38d1770f-sock
java_class_path (initial): c:\Users\skyhi\.vscode\extensions\redhat.java-1.46.0-win32-x64\server\plugins\org.eclipse.equinox.launcher_1.7.0.v20250519-0528.jar
Launcher Type: SUN_STANDARD

[Global flags]
    uintx AdaptiveSizePolicyWeight                 = 90                                        {product} {command line}
     intx CICompilerCount                          = 4                                         {product} {ergonomic}
    uintx GCTimeRatio                              = 4                                         {product} {command line}
     bool HeapDumpOnOutOfMemoryError               = true                                   {manageable} {command line}
    ccstr HeapDumpPath                             = c:\Users\skyhi\AppData\Roaming\Code\User\workspaceStorage\1e4f3eec4e38cd53eeb701cea1e67679\redhat.java         {manageable} {command line}
   size_t InitialHeapSize                          = 104857600                                 {product} {command line}
   size_t MaxHeapSize                              = 2147483648                                {product} {command line}
   size_t MaxNewSize                               = 715653120                                 {product} {ergonomic}
   size_t MinHeapDeltaBytes                        = 524288                                    {product} {ergonomic}
   size_t MinHeapSize                              = 104857600                                 {product} {command line}
   size_t NewSize                                  = 34603008                                  {product} {ergonomic}
    uintx NonNMethodCodeHeapSize                   = 5839372                                {pd product} {ergonomic}
    uintx NonProfiledCodeHeapSize                  = 122909434                              {pd product} {ergonomic}
   size_t OldSize                                  = 70254592                                  {product} {ergonomic}
    uintx ProfiledCodeHeapSize                     = 122909434                              {pd product} {ergonomic}
    uintx ReservedCodeCacheSize                    = 251658240                              {pd product} {ergonomic}
     bool SegmentedCodeCache                       = true                                      {product} {ergonomic}
   size_t SoftMaxHeapSize                          = 2147483648                             {manageable} {ergonomic}
     bool UseCompressedOops                        = true                           {product lp64_product} {ergonomic}
     bool UseLargePagesIndividualAllocation        = false                                  {pd product} {ergonomic}
     bool UseParallelGC                            = true                                      {product} {command line}

Logging:
Log output configuration:
 #0: stdout all=off uptime,level,tags foldmultilines=false
 #1: stderr all=off uptime,level,tags foldmultilines=false

Environment Variables:
PATH=C:\ProgramData\Boxstarter;C:\Program Files\Common Files\Oracle\Java\javapath;C:\Python313\Scripts\;C:\Python313\;C:\Windows\system32;C:\Windows;C:\Windows\System32\Wbem;C:\Windows\System32\WindowsPowerShell\v1.0\;C:\Windows\System32\OpenSSH\;C:\Program Files\dotnet\;C:\ffmpeg;C:\Users\skyhi\AppData\Local\Packages\PythonSoftwareFoundation.Python.3.13_qbz5n2kfra8p0\LocalCache\local-packages\Python313\Scripts;C:\Program Files\nodejs\;C:\ProgramData\chocolatey\bin;C:\Program Files\Git\cmd;C:\Program Files\Git\mingw64\bin;C:\Program Files\Git\usr\bin;C:\Program Files\MySQL\MySQL Shell 8.0\bin\;C:\Users\skyhi\AppData\Local\Microsoft\WindowsApps;C:\Users\skyhi\AppData\Local\Programs\Microsoft VS Code\bin;C:\ProgramData\skyhi\GitHubDesktop\bin;C:\Users\skyhi\AppData\Roaming\npm;C:\Users\skyhi\AppData\Local\JetBrains\Toolbox\scripts;
USERNAME=skyhi
OS=Windows_NT
PROCESSOR_IDENTIFIER=Intel64 Family 6 Model 154 Stepping 4, GenuineIntel
TMP=C:\Users\skyhi\AppData\Local\Temp
TEMP=C:\Users\skyhi\AppData\Local\Temp




Periodic native trim disabled

---------------  S Y S T E M  ---------------

OS:
 Windows 11 , 64 bit Build 26100 (10.0.26100.6725)
OS uptime: 21 days 7:34 hours
Hyper-V role detected

CPU: total 8 (initial active 8) (4 cores per cpu, 2 threads per core) family 6 model 154 stepping 4 microcode 0x437, cx8, cmov, fxsr, ht, mmx, 3dnowpref, sse, sse2, sse3, ssse3, sse4.1, sse4.2, popcnt, lzcnt, tsc, tscinvbit, avx, avx2, aes, erms, clmul, bmi1, bmi2, adx, sha, fma, vzeroupper, clflush, clflushopt, clwb, hv, serialize, rdtscp, rdpid, fsrm, f16c, cet_ibt, cet_ss
Processor Information for the first 8 processors :
  Max Mhz: 1200, Current Mhz: 1200, Mhz Limit: 1200

Memory: 4k page, system-wide physical 7876M (462M free)
TotalPageFile size 32452M (AvailPageFile size 76M)
current process WorkingSet (physical memory assigned to process): 7M, peak: 540M
current process commit charge ("private bytes"): 1214M, peak: 1220M

vm_info: OpenJDK 64-Bit Server VM (21.0.8+9-LTS) for windows-amd64 JRE (21.0.8+9-LTS), built on 2025-07-15T00:00:00Z by "admin" with MS VC++ 17.7 (VS2022)

END.
